<?xml version="1.0" encoding="UTF-8"?>
<!-- Generated by org.testng.reporters.JUnitXMLReporter -->
<testsuite hostname="RIPLBRD50" ignored="0" name="Test" tests="2" failures="0" timestamp="09 Feb 2018 09:01:51 GMT" time="17.86" errors="0">
  <testcase name="Logins" time="7.521" classname="com.test.automation.UIAutomation.tests.DashboardAdminHeaderTest"/>
  <testcase name="selctCandidateListPage" time="2.413" classname="com.test.automation.UIAutomation.tests.DashboardAdminHeaderTest"/>
</testsuite> <!-- Test -->
