<?xml version="1.0" encoding="UTF-8"?>
<testng-results skipped="0" failed="0" ignored="0" total="4" passed="4">
  <reporter-output>
  </reporter-output>
  <suite name="Suite" duration-ms="35439" started-at="2018-02-01T10:26:53Z" finished-at="2018-02-01T10:27:28Z">
    <groups>
    </groups>
    <test name="Chrome" duration-ms="26351" started-at="2018-02-01T10:26:53Z" finished-at="2018-02-01T10:27:19Z">
      <class name="CrossBrowser.ThreadLocalDemo">
        <test-method status="PASS" signature="testMethod1()[pri:0, instance:CrossBrowser.ThreadLocalDemo@1e88b3c]" name="testMethod1" duration-ms="5586" started-at="2018-02-01T05:26:53Z" finished-at="2018-02-01T05:26:59Z">
          <reporter-output>
          </reporter-output>
        </test-method> <!-- testMethod1 -->
        <test-method status="PASS" signature="testMethod2()[pri:0, instance:CrossBrowser.ThreadLocalDemo@1e88b3c]" name="testMethod2" duration-ms="19062" started-at="2018-02-01T05:27:00Z" finished-at="2018-02-01T05:27:19Z">
          <reporter-output>
          </reporter-output>
        </test-method> <!-- testMethod2 -->
      </class> <!-- CrossBrowser.ThreadLocalDemo -->
    </test> <!-- Chrome -->
    <test name="Firefox" duration-ms="35439" started-at="2018-02-01T10:26:53Z" finished-at="2018-02-01T10:27:28Z">
      <class name="CrossBrowser.ThreadLocalDemo">
        <test-method status="PASS" signature="testMethod1()[pri:0, instance:CrossBrowser.ThreadLocalDemo@2b98378d]" name="testMethod1" duration-ms="8048" started-at="2018-02-01T05:26:53Z" finished-at="2018-02-01T05:27:01Z">
          <reporter-output>
          </reporter-output>
        </test-method> <!-- testMethod1 -->
        <test-method status="PASS" signature="testMethod2()[pri:0, instance:CrossBrowser.ThreadLocalDemo@2b98378d]" name="testMethod2" duration-ms="8441" started-at="2018-02-01T05:27:11Z" finished-at="2018-02-01T05:27:19Z">
          <reporter-output>
          </reporter-output>
        </test-method> <!-- testMethod2 -->
      </class> <!-- CrossBrowser.ThreadLocalDemo -->
    </test> <!-- Firefox -->
  </suite> <!-- Suite -->
</testng-results>
