<?xml version="1.0" encoding="UTF-8"?>
<!-- Generated by org.testng.reporters.JUnitXMLReporter -->
<testsuite hostname="RIPLBRD50" ignored="0" name="Firefox" tests="3" failures="0" timestamp="26 Feb 2018 07:36:19 GMT" time="7.621" errors="0">
  <testcase name="openBrowserChrome" time="4.303" classname="CrossBrowser.DemoCrossBrowser"/>
  <testcase name="openBrowserFirefox" time="1.973" classname="CrossBrowser.DemoCrossBrowser"/>
  <testcase name="openBrowserIE" time="1.32" classname="CrossBrowser.DemoCrossBrowser"/>
</testsuite> <!-- Firefox -->
